# JRE version: Java(TM) SE Runtime Environment (8.0_191-b12) (build 1.8.0_191-b12)
# Java VM: Java HotSpot(TM) 64-Bit Server VM (25.191-b12 mixed mode bsd-amd64 compressed oops)
Heap:
 PSYoungGen      total 71680K, used 19960K [0x0000000795580000, 0x000000079e180000, 0x00000007c0000000)
  eden space 66560K, 29% used [0x0000000795580000,0x00000007968fe398,0x0000000799680000)
  from space 5120K, 0% used [0x0000000799680000,0x0000000799680000,0x0000000799b80000)
  to   space 5120K, 0% used [0x000000079dc80000,0x000000079dc80000,0x000000079e180000)
 ParOldGen       total 52224K, used 6444K [0x0000000740000000, 0x0000000743300000, 0x0000000795580000)
  object space 52224K, 12% used [0x0000000740000000,0x000000074064b0d0,0x0000000743300000)
 Metaspace       used 22160K, capacity 23456K, committed 23680K, reserved 1069056K
  class space    used 3217K, capacity 3359K, committed 3456K, reserved 1048576K
GC Heap History (8 events):
Event: 1.856 GC heap before
{Heap before GC invocations=1 (full 0):
 PSYoungGen      total 38400K, used 33280K [0x0000000795580000, 0x0000000798000000, 0x00000007c0000000)
  eden space 33280K, 100% used [0x0000000795580000,0x0000000797600000,0x0000000797600000)
  from space 5120K, 0% used [0x0000000797b00000,0x0000000797b00000,0x0000000798000000)
  to   space 5120K, 0% used [0x0000000797600000,0x0000000797600000,0x0000000797b00000)
 ParOldGen       total 87552K, used 0K [0x0000000740000000, 0x0000000745580000, 0x0000000795580000)
  object space 87552K, 0% used [0x0000000740000000,0x0000000740000000,0x0000000745580000)
 Metaspace       used 9453K, capacity 9684K, committed 9856K, reserved 1058816K
  class space    used 1263K, capacity 1340K, committed 1408K, reserved 1048576K
Event: 1.878 GC heap after
Heap after GC invocations=1 (full 0):
 PSYoungGen      total 38400K, used 5115K [0x0000000795580000, 0x000000079a080000, 0x00000007c0000000)
  eden space 33280K, 0% used [0x0000000795580000,0x0000000795580000,0x0000000797600000)
  from space 5120K, 99% used [0x0000000797600000,0x0000000797afef58,0x0000000797b00000)
  to   space 5120K, 0% used [0x0000000799b80000,0x0000000799b80000,0x000000079a080000)
 ParOldGen       total 87552K, used 1043K [0x0000000740000000, 0x0000000745580000, 0x0000000795580000)
  object space 87552K, 1% used [0x0000000740000000,0x0000000740104ff8,0x0000000745580000)
 Metaspace       used 9453K, capacity 9684K, committed 9856K, reserved 1058816K
  class space    used 1263K, capacity 1340K, committed 1408K, reserved 1048576K
}
Event: 3.065 GC heap before
{Heap before GC invocations=2 (full 0):
 PSYoungGen      total 38400K, used 38395K [0x0000000795580000, 0x000000079a080000, 0x00000007c0000000)
  eden space 33280K, 100% used [0x0000000795580000,0x0000000797600000,0x0000000797600000)
  from space 5120K, 99% used [0x0000000797600000,0x0000000797afef58,0x0000000797b00000)
  to   space 5120K, 0% used [0x0000000799b80000,0x0000000799b80000,0x000000079a080000)
 ParOldGen       total 87552K, used 1043K [0x0000000740000000, 0x0000000745580000, 0x0000000795580000)
  object space 87552K, 1% used [0x0000000740000000,0x0000000740104ff8,0x0000000745580000)
 Metaspace       used 16108K, capacity 17004K, committed 17280K, reserved 1064960K
  class space    used 2249K, capacity 2375K, committed 2432K, reserved 1048576K
Event: 3.078 GC heap after
Heap after GC invocations=2 (full 0):
 PSYoungGen      total 71680K, used 5105K [0x0000000795580000, 0x000000079a080000, 0x00000007c0000000)
  eden space 66560K, 0% used [0x0000000795580000,0x0000000795580000,0x0000000799680000)
  from space 5120K, 99% used [0x0000000799b80000,0x000000079a07c570,0x000000079a080000)
  to   space 5120K, 0% used [0x0000000799680000,0x0000000799680000,0x0000000799b80000)
 ParOldGen       total 87552K, used 3572K [0x0000000740000000, 0x0000000745580000, 0x0000000795580000)
  object space 87552K, 4% used [0x0000000740000000,0x000000074037d190,0x0000000745580000)
 Metaspace       used 16108K, capacity 17004K, committed 17280K, reserved 1064960K
  class space    used 2249K, capacity 2375K, committed 2432K, reserved 1048576K
}
Event: 3.349 GC heap before
{Heap before GC invocations=3 (full 0):
 PSYoungGen      total 71680K, used 30474K [0x0000000795580000, 0x000000079a080000, 0x00000007c0000000)
  eden space 66560K, 38% used [0x0000000795580000,0x0000000796e464b0,0x0000000799680000)
  from space 5120K, 99% used [0x0000000799b80000,0x000000079a07c570,0x000000079a080000)
  to   space 5120K, 0% used [0x0000000799680000,0x0000000799680000,0x0000000799b80000)
 ParOldGen       total 87552K, used 3572K [0x0000000740000000, 0x0000000745580000, 0x0000000795580000)
  object space 87552K, 4% used [0x0000000740000000,0x000000074037d190,0x0000000745580000)
 Metaspace       used 20161K, capacity 21288K, committed 21296K, reserved 1067008K
  class space    used 2799K, capacity 2936K, committed 2944K, reserved 1048576K
Event: 3.363 GC heap after
Heap after GC invocations=3 (full 0):
 PSYoungGen      total 71680K, used 5089K [0x0000000795580000, 0x000000079e180000, 0x00000007c0000000)
  eden space 66560K, 0% used [0x0000000795580000,0x0000000795580000,0x0000000799680000)
  from space 5120K, 99% used [0x0000000799680000,0x0000000799b785e0,0x0000000799b80000)
  to   space 5120K, 0% used [0x000000079dc80000,0x000000079dc80000,0x000000079e180000)
 ParOldGen       total 87552K, used 5130K [0x0000000740000000, 0x0000000745580000, 0x0000000795580000)
  object space 87552K, 5% used [0x0000000740000000,0x0000000740502b80,0x0000000745580000)
 Metaspace       used 20161K, capacity 21288K, committed 21296K, reserved 1067008K
  class space    used 2799K, capacity 2936K, committed 2944K, reserved 1048576K
}
Event: 3.363 GC heap before
{Heap before GC invocations=4 (full 1):
 PSYoungGen      total 71680K, used 5089K [0x0000000795580000, 0x000000079e180000, 0x00000007c0000000)
  eden space 66560K, 0% used [0x0000000795580000,0x0000000795580000,0x0000000799680000)
  from space 5120K, 99% used [0x0000000799680000,0x0000000799b785e0,0x0000000799b80000)
  to   space 5120K, 0% used [0x000000079dc80000,0x000000079dc80000,0x000000079e180000)
 ParOldGen       total 87552K, used 5130K [0x0000000740000000, 0x0000000745580000, 0x0000000795580000)
  object space 87552K, 5% used [0x0000000740000000,0x0000000740502b80,0x0000000745580000)
 Metaspace       used 20161K, capacity 21288K, committed 21296K, reserved 1067008K
  class space    used 2799K, capacity 2936K, committed 2944K, reserved 1048576K
Event: 3.395 GC heap after
Heap after GC invocations=4 (full 1):
 PSYoungGen      total 71680K, used 0K [0x0000000795580000, 0x000000079e180000, 0x00000007c0000000)
  eden space 66560K, 0% used [0x0000000795580000,0x0000000795580000,0x0000000799680000)
  from space 5120K, 0% used [0x0000000799680000,0x0000000799680000,0x0000000799b80000)
  to   space 5120K, 0% used [0x000000079dc80000,0x000000079dc80000,0x000000079e180000)
 ParOldGen       total 52224K, used 6444K [0x0000000740000000, 0x0000000743300000, 0x0000000795580000)
  object space 52224K, 12% used [0x0000000740000000,0x000000074064b0d0,0x0000000743300000)
 Metaspace       used 20158K, capacity 21282K, committed 21296K, reserved 1067008K
  class space    used 2798K, capacity 2935K, committed 2944K, reserved 1048576K
}

